{"contracts\\FSToken.sol":{"l":{"9":2},"path":"C:\\Users\\pawan\\OneDrive\\Desktop\\Personal\\Ethlas\\blockchain-test-project\\smart_contracts\\contracts\\FSToken.sol","s":{"1":2},"b":{},"f":{"1":2},"fnMap":{"1":{"name":"constructor","line":8,"loc":{"start":{"line":8,"column":4},"end":{"line":10,"column":4}}}},"statementMap":{"1":{"start":{"line":9,"column":8},"end":{"line":9,"column":48}}},"branchMap":{}},"contracts\\FSVault.sol":{"l":{"33":1,"37":3,"38":3,"39":1,"41":2,"43":2,"48":5,"56":5,"60":2,"61":2,"62":1,"66":1,"67":1,"69":1,"73":2,"77":2,"86":10,"87":10,"88":10,"91":10,"92":2,"96":8,"97":2,"100":6,"102":6,"103":6,"107":4,"108":4,"109":2,"111":2,"112":2,"114":2,"120":1},"path":"C:\\Users\\pawan\\OneDrive\\Desktop\\Personal\\Ethlas\\blockchain-test-project\\smart_contracts\\contracts\\FSVault.sol","s":{"1":3,"2":3,"3":2,"4":5,"5":5,"6":2,"7":2,"8":1,"9":1,"10":2,"11":2,"12":10,"13":10,"14":10,"15":10,"16":8,"17":6,"18":6,"19":4,"20":4,"21":2,"22":2,"23":1},"b":{"1":[1,2],"2":[1,1],"3":[10,0],"4":[2,8],"5":[2,6],"6":[4,0],"7":[2,2]},"f":{"1":1,"2":3,"3":5,"4":5,"5":2,"6":2,"7":2,"8":10,"9":4,"10":1},"fnMap":{"1":{"name":"constructor","line":32,"loc":{"start":{"line":32,"column":4},"end":{"line":34,"column":4}}},"2":{"name":"depositEth","line":36,"loc":{"start":{"line":36,"column":4},"end":{"line":44,"column":4}}},"3":{"name":"depositFST","line":47,"loc":{"start":{"line":47,"column":4},"end":{"line":49,"column":4}}},"4":{"name":"depositERC20","line":52,"loc":{"start":{"line":52,"column":4},"end":{"line":57,"column":4}}},"5":{"name":"withdrawEth","line":59,"loc":{"start":{"line":59,"column":4},"end":{"line":70,"column":4}}},"6":{"name":"withdrawFST","line":72,"loc":{"start":{"line":72,"column":4},"end":{"line":74,"column":4}}},"7":{"name":"withdrawErc20","line":76,"loc":{"start":{"line":76,"column":4},"end":{"line":78,"column":4}}},"8":{"name":"_depositERC20","line":80,"loc":{"start":{"line":80,"column":4},"end":{"line":104,"column":4}}},"9":{"name":"_withdrawErc20","line":106,"loc":{"start":{"line":106,"column":4},"end":{"line":115,"column":4}}},"10":{"name":"interfaceId","line":119,"loc":{"start":{"line":119,"column":4},"end":{"line":121,"column":4}}}},"statementMap":{"1":{"start":{"line":37,"column":8},"end":{"line":37,"column":34}},"2":{"start":{"line":38,"column":8},"end":{"line":38,"column":1642}},"3":{"start":{"line":43,"column":8},"end":{"line":43,"column":62}},"4":{"start":{"line":48,"column":8},"end":{"line":48,"column":42}},"5":{"start":{"line":56,"column":8},"end":{"line":56,"column":42}},"6":{"start":{"line":60,"column":8},"end":{"line":60,"column":55}},"7":{"start":{"line":61,"column":8},"end":{"line":61,"column":2375}},"8":{"start":{"line":67,"column":8},"end":{"line":67,"column":45}},"9":{"start":{"line":69,"column":8},"end":{"line":69,"column":63}},"10":{"start":{"line":73,"column":8},"end":{"line":73,"column":43}},"11":{"start":{"line":77,"column":8},"end":{"line":77,"column":43}},"12":{"start":{"line":86,"column":8},"end":{"line":86,"column":43}},"13":{"start":{"line":87,"column":8},"end":{"line":87,"column":59}},"14":{"start":{"line":88,"column":8},"end":{"line":88,"column":72}},"15":{"start":{"line":91,"column":8},"end":{"line":91,"column":3594}},"16":{"start":{"line":96,"column":8},"end":{"line":96,"column":3753}},"17":{"start":{"line":100,"column":8},"end":{"line":100,"column":77}},"18":{"start":{"line":103,"column":8},"end":{"line":103,"column":78}},"19":{"start":{"line":107,"column":8},"end":{"line":107,"column":71}},"20":{"start":{"line":108,"column":8},"end":{"line":108,"column":4264}},"21":{"start":{"line":112,"column":8},"end":{"line":112,"column":58}},"22":{"start":{"line":114,"column":8},"end":{"line":114,"column":79}},"23":{"start":{"line":120,"column":8},"end":{"line":120,"column":39}}},"branchMap":{"1":{"line":38,"type":"if","locations":[{"start":{"line":38,"column":8},"end":{"line":38,"column":8}},{"start":{"line":38,"column":8},"end":{"line":38,"column":8}}]},"2":{"line":61,"type":"if","locations":[{"start":{"line":61,"column":8},"end":{"line":61,"column":8}},{"start":{"line":61,"column":8},"end":{"line":61,"column":8}}]},"3":{"line":80,"type":"if","locations":[{"start":{"line":80,"column":75},"end":{"line":80,"column":75}},{"start":{"line":80,"column":75},"end":{"line":80,"column":75}}]},"4":{"line":91,"type":"if","locations":[{"start":{"line":91,"column":8},"end":{"line":91,"column":8}},{"start":{"line":91,"column":8},"end":{"line":91,"column":8}}]},"5":{"line":96,"type":"if","locations":[{"start":{"line":96,"column":8},"end":{"line":96,"column":8}},{"start":{"line":96,"column":8},"end":{"line":96,"column":8}}]},"6":{"line":106,"type":"if","locations":[{"start":{"line":106,"column":75},"end":{"line":106,"column":75}},{"start":{"line":106,"column":75},"end":{"line":106,"column":75}}]},"7":{"line":108,"type":"if","locations":[{"start":{"line":108,"column":8},"end":{"line":108,"column":8}},{"start":{"line":108,"column":8},"end":{"line":108,"column":8}}]}}}}